0:100  0:100  MemLog inited, TSC freq: 1798739030
0:100  0:000  CPU was calibrated with RTC
0:100  0:000  
0:100  0:000  Now is 30.12.2020,  13:42:11 (GMT)
0:100  0:000  Starting Clover revision: 5119 (master, commit 0f5da727e) on INSYDE Corp. EFI
0:100  0:000  Build with: [Args: -D NO_GRUB_DRIVERS_EMBEDDED -t GCC53 | -D NO_GRUB_DRIVERS_EMBEDDED --conf=/Users/sergey/src/Clover/Conf -D USE_LOW_EBDA -a X64 -b RELEASE -t GCC53 -n 5 | OS: 10.14.6]
0:100  0:000  SelfDevicePath=PciRoot(0x0)\Pci(0x17,0x0)\Sata(0x0,0x0,0x0)\HD(1,GPT,F84866B1-6A77-43A7-A85C-D82709B3B8B9,0x28,0x64000) @7AE52698
0:100  0:000  SelfDirPath = \EFI\BOOT
0:100  0:000  Clover : Image base = 0x73DBC000
0:100  0:000  SimpleTextEx Status=Success
0:100  0:000  === [ Get Smbios ] ==============================
0:100  0:000  Type 16 Index = 0
0:100  0:000  Total Memory Slots Count = 2
0:100  0:000  Type 17 Index = 0
0:100  0:000  SmbiosTable.Type17->Speed = 2400MHz
0:100  0:000  SmbiosTable.Type17->Size = 4096MB
0:100  0:000  SmbiosTable.Type17->Bank/Device = BANK 0 ChannelA-DIMM0
0:100  0:000  SmbiosTable.Type17->Vendor = Micron
0:100  0:000  SmbiosTable.Type17->SerialNumber = 186BD9B3
0:100  0:000  SmbiosTable.Type17->PartNumber = 4ATF51264HZ-2G3B1   
0:100  0:000  Type 17 Index = 1
0:100  0:000  SmbiosTable.Type17->Speed = 2400MHz
0:100  0:000  SmbiosTable.Type17->Size = 4096MB
0:100  0:000  SmbiosTable.Type17->Bank/Device = BANK 2 ChannelB-DIMM0
0:100  0:000  SmbiosTable.Type17->Vendor = 86D3
0:100  0:000  SmbiosTable.Type17->SerialNumber = 00000000
0:100  0:000  SmbiosTable.Type17->PartNumber = SP004GBSFU240C02    
0:100  0:000  Boot status=0
0:100  0:000  Running on: 'Aspire E5-476G' with board 'AntMan_SK'
0:100  0:000  === [ GetCPUProperties ] ========================
0:100  0:000  CPU Vendor = 756E6547 Model=806EA
0:100  0:000   The CPU supported SSE4.1
0:100  0:000  BrandString = Intel(R) Core(TM) i5-8250U CPU @ 1.60GHz
0:100  0:000   The CPU supported turbo
0:100  0:000  MSR 0x35               40008
0:100  0:000   TSC/CCC Information Leaf:
0:100  0:000    numerator     : 150
0:100  0:000    denominator   : 2
0:100  0:000   Calibrated ARTFrequency: 23983187
0:100  0:000   Rounded ARTFrequency: 24000000
0:100  0:000  MSR 0xE2 before patch 7E008006
0:100  0:000  MSR 0xE2 is locked, PM patches will be turned on
0:100  0:000  MSR 0xCE              0004043D_F1011200
0:100  0:000  corrected FLEX_RATIO = 0
0:100  0:000  MSR 0x1B0             00000000
0:100  0:000  FSBFrequency = 156 MHz, DMI FSBFrequency = 100 MHz, Corrected FSBFrequency = 100 MHz
0:100  0:000  MaxDiv/MinDiv: 18.0/4
0:100  0:000  Turbo: 34/34/34/34
0:100  0:000  Features: 0x77FAFBBFBFEBFBFF
0:100  0:000  Threads: 8
0:100  0:000  Cores: 4
0:100  0:000  FSB: 100 MHz
0:100  0:000  CPU: 2800 MHz
0:100  0:000  TSC: 2800 MHz
0:100  0:000  PIS: 100 MHz
0:100  0:000  ExternalClock: 25 MHz
0:100  0:000  === [ GetDevices ] ==============================
0:100  0:000  GOP found at: 
0:100  0:000  PCI (00|00:00.00) : 8086 5914 class=060000
0:100  0:000  PCI (00|00:02.00) : 8086 5917 class=030000
0:100  0:000   - GFX: Model=Intel UHD Graphics 620 (Intel)
0:100  0:000  PCI (00|00:14.00) : 8086 9D2F class=0C0330
0:100  0:000  PCI (00|00:14.02) : 8086 9D31 class=118000
0:100  0:000  PCI (00|00:15.00) : 8086 9D60 class=118000
0:100  0:000  PCI (00|00:16.00) : 8086 9D3A class=078000
0:100  0:000  PCI (00|00:17.00) : 8086 9D03 class=010601
0:100  0:000  PCI (00|00:1C.00) : 8086 9D10 class=060400
0:100  0:000  PCI (00|01:00.00) : 10DE 1D10 class=030200
0:100  0:000  PCI (00|00:1D.00) : 8086 9D18 class=060400
0:100  0:000  PCI (00|00:1D.02) : 8086 9D1A class=060400
0:100  0:000  PCI (00|03:00.00) : 8086 24FB class=028000
0:100  0:000   - WIFI: Vendor=32902 = Intel
0:100  0:000  PCI (00|00:1D.03) : 8086 9D1B class=060400
0:100  0:000  PCI (00|04:00.00) : 10EC 8168 class=020000
0:100  0:000   - LAN: 0 Vendor=Realtek
0:100  0:000  PCI (00|00:1F.00) : 8086 9D4E class=060100
0:100  0:000  PCI (00|00:1F.02) : 8086 9D21 class=058000
0:100  0:000  PCI (00|00:1F.03) : 8086 9D71 class=040300
0:100  0:000  PCI (00|00:1F.04) : 8086 9D23 class=0C0500
0:100  0:000  === [ GetDefaultSettings ] ======================
0:100  0:000  Clover load options size = 6 bytes
0:158  0:057  CheckOEMPathExists tried EFI\CLOVER\OEM\Aspire E5-476G--00-00-00-00-00-00. Dir not exists
0:158  0:000  CheckOEMPathExists tried EFI\CLOVER\OEM\AntMan_SK\UEFI. Dir not exists
0:158  0:000  CheckOEMPathExists tried EFI\CLOVER\OEM\Aspire E5-476G. Dir not exists
0:158  0:000  CheckOEMPathExists tried EFI\CLOVER\OEM\Aspire E5-476G-2800. Dir not exists
0:158  0:000  CheckOEMPathExists tried EFI\CLOVER\OEM\AntMan_SK. Dir not exists
0:158  0:000  CheckOEMPathExists tried EFI\CLOVER\OEM\AntMan_SK-2800. Dir not exists
0:158  0:000  set OEMPath by default: EFI\CLOVER
0:158  0:000  EFI\CLOVER\A01 	.plist not loaded with name from LoadOptions: Invalid Parameter
0:158  0:000  CheckOEMPathExists tried EFI\CLOVER\OEM\Aspire E5-476G--00-00-00-00-00-00. Dir not exists
0:158  0:000  CheckOEMPathExists tried EFI\CLOVER\OEM\AntMan_SK\UEFI. Dir not exists
0:158  0:000  CheckOEMPathExists tried EFI\CLOVER\OEM\Aspire E5-476G. Dir not exists
0:158  0:000  CheckOEMPathExists tried EFI\CLOVER\OEM\Aspire E5-476G-2800. Dir not exists
0:158  0:000  CheckOEMPathExists tried EFI\CLOVER\OEM\AntMan_SK. Dir not exists
0:158  0:000  CheckOEMPathExists tried EFI\CLOVER\OEM\AntMan_SK-2800. Dir not exists
0:158  0:000  set OEMPath by default: EFI\CLOVER
0:163  0:005  EFI\CLOVER\config.plist loaded: Success
0:168  0:004  === [ GetListOfThemes ] =========================
0:182  0:013  - [00]: Olarila
0:187  0:005  === [ Found config plists ] =====================
0:187  0:000  - config2.plist
0:187  0:000  - config.plist
0:187  0:000  === [ GetEarlyUserSettings ] ====================
0:187  0:000  === [ LoadDrivers ] =============================
0:187  0:000  Loading HFSPlus.efi  status=Success
0:195  0:007   - driver needs connecting
0:195  0:000  Loading ApfsDriverLoader.efi  status=Success
0:197  0:001   - driver needs connecting
0:197  0:000  Loading AptioMemoryFix.efi  status=Success
0:206  0:008  Loading CsmVideoDxe.efi  status=Success
0:213  0:007   - driver needs connecting
0:213  0:000  3 drivers needs connecting ...
0:213  0:000  PlatformDriverOverrideProtocol->GetDriver overriden
0:213  0:000  HFS+ driver loaded
0:213  0:000  APFS driver loaded
0:213  0:000  Video driver loaded: disconnect Success
0:467  0:253  Searching for invalid DiskIo BY_DRIVER connects: not found, all ok
1:919  1:452  === [ InitScreen ] ==============================
1:919  0:000  Console modes reported: 7, available modes:
1:919  0:000   - [01]: 80x25
1:919  0:000   - [02]: 80x50
1:919  0:000   - [03]: 80x25
1:919  0:000   - [04]: 240x56 (current mode)
1:919  0:000   - [05]: 100x31
1:919  0:000   - [06]: 128x40
1:919  0:000   - [07]: 160x53
1:919  0:000  SetScreenResolution: 1920x1080 - already set
1:919  0:000  reinit: self device path=PciRoot(0x0)\Pci(0x17,0x0)\Sata(0x0,0x0,0x0)\HD(1,GPT,F84866B1-6A77-43A7-A85C-D82709B3B8B9,0x28,0x64000)
1:919  0:000  new SelfHandle=7AE52698
1:919  0:000  === [ GetMacAddress ] ===========================
1:919  0:000  === [ ScanSPD ] =================================
1:920  0:000  Scanning SMBus [8086:9D23], mmio: 0xB422E004, ioport: 0x5040, hostc: 0x1
1:938  0:018  Slot: 0 Type 26 4096MB 2400MHz Vendor=Micron Technology PartNo=4ATF51264HZ-2G3B1 SerialNo=186BD9B3
1:956  0:018  Slot: 2 Type 26 4096MB 2400MHz Vendor=Silicon Power Computer & Communications PartNo=SP004GBSFU240C02 SerialNo=00000000
1:957  0:000  === [ GetAcpiTablesList ] =======================
1:960  0:002  Get Acpi Tables List from RSDT:
1:960  0:000   - [00]: FACP  ACRPRDCT len=268
1:960  0:000   - [01]: UEFI  ACRPRDCT len=66
1:960  0:000   - [02]: SSDT  ACRPRDCT len=1219
1:960  0:000   - [03]: TPM2  ACRPRDCT len=52
1:960  0:000   - [04]: SSDT  ACRPRDCT len=2060
1:960  0:000   - [05]: ASPT  ACRPRDCT len=52
1:960  0:000   - [06]: DBGP  ACRPRDCT len=52
1:960  0:000   - [07]: APIC  ACRPRDCT len=188
1:960  0:000   - [08]: SSDT  ACRPRDCT len=444
1:960  0:000   - [09]: WSMT  ACRPRDCT len=40
1:960  0:000   - [10]: SSDT  ACRPRDCT len=838
1:960  0:000   - [11]: DBGP  ACRPRDCT len=52
1:960  0:000   - [12]: SSDT  ACRPRDCT len=13218
1:960  0:000   - [13]: SSDT  ACRPRDCT len=22138
1:960  0:000   - [14]: SSDT  ACRPRDCT len=12671
1:960  0:000   - [15]: BOOT  ACRPRDCT len=40
1:960  0:000   - [16]: MCFG  ACRPRDCT len=60
1:960  0:000   - [17]: SSDT  ACRPRDCT len=671
1:960  0:000   - [18]: DBG2  ACRPRDCT len=84
1:960  0:000   - [19]: DMAR  ACRPRDCT len=204
1:960  0:000   - [20]: UEFI  ACRPRDCT len=566
1:960  0:000   - [21]: ASF!  ACRPRDCT len=165
1:960  0:000   - [22]: LPIT  ACRPRDCT len=148
1:960  0:000   - [23]: SSDT  ACRPRDCT len=3806
1:960  0:000   - [24]: SSDT  ACRPRDCT len=70
1:960  0:000   - [25]: SSDT  ACRPRDCT len=1310
1:960  0:000   - [26]: HPET  ACRPRDCT len=56
1:960  0:000   - [27]: FPDT  ACRPRDCT len=68
1:960  0:000   - [28]: BGRT  ACRPRDCT len=56
1:960  0:000  Calibrated TSC Frequency = 1798739030 = 1798MHz
1:960  0:000  === [ GetUserSettings ] =========================
1:960  0:000  === [ Found DSDT tables ] =======================
2:654  0:693  === [ ScanVolumes ] =============================
2:654  0:000  Found 15 volumes with blockIO
2:654  0:000  - [00]: Volume: PciRoot(0x0)\Pci(0x17,0x0)\Sata(0x0,0x0,0x0)
2:665  0:010  - [01]: Volume: PciRoot(0x0)\Pci(0x17,0x0)\Sata(0x2,0x0,0x0)
2:665  0:000          Result of bootcode detection: bootable unknown (legacy)
2:665  0:000  - [02]: Volume: PciRoot(0x0)\Pci(0x17,0x0)\Sata(0x0,0x0,0x0)\HD(1,GPT,F84866B1-6A77-43A7-A85C-D82709B3B8B9,0x28,0x64000)
2:665  0:000          Result of bootcode detection: bootable unknown (legacy)
2:665  0:000          This is SelfVolume !!
2:665  0:000  - [03]: Volume: PciRoot(0x0)\Pci(0x17,0x0)\Sata(0x0,0x0,0x0)\HD(2,GPT,B51E1AFA-738F-442D-9A1D-D726FDA8B297,0x64028,0x117637D8)
2:678  0:012          Result of bootcode detection: bootable unknown (legacy)
2:678  0:000  - [04]: Volume: PciRoot(0x0)\Pci(0x17,0x0)\Sata(0x0,0x0,0x0)\HD(3,GPT,028D83C5-8AE9-4CCD-AEF1-80A1528A650D,0x117C7800,0x62F3F000)
2:692  0:013          Result of bootcode detection: bootable Windows (vista,win)
2:692  0:000  - [05]: Volume: PciRoot(0x0)\Pci(0x17,0x0)\Sata(0x1,0x0,0x0)
2:692  0:000  - [06]: Volume: PciRoot(0x0)\Pci(0x17,0x0)\Sata(0x2,0x0,0x0)\HD(1,MBR,0x2426ABF8,0x800,0x66000)
2:692  0:000          Result of bootcode detection: bootable Windows (vista,win)
2:692  0:000  - [07]: Volume: PciRoot(0x0)\Pci(0x17,0x0)\Sata(0x2,0x0,0x0)\HD(2,MBR,0x2426ABF8,0x66800,0xDC8E709)
2:692  0:000          Result of bootcode detection: bootable Windows (vista,win)
2:692  0:000  - [08]: Volume: PciRoot(0x0)\Pci(0x17,0x0)\Sata(0x2,0x0,0x0)\HD(3,MBR,0x2426ABF8,0xDCF5000,0x1B6800)
2:693  0:000          Result of bootcode detection: bootable Windows (vista,win)
2:693  0:000  - [09]: Volume: PciRoot(0x0)\Pci(0x17,0x0)\Sata(0x2,0x0,0x0)\HD(4,MBR,0x2426ABF8,0xDEAC000,0xEB000)
2:693  0:000          Result of bootcode detection: bootable Windows (vista,win)
2:693  0:000  - [10]: Volume: PciRoot(0x0)\Pci(0x17,0x0)\Sata(0x0,0x0,0x0)\HD(2,GPT,B51E1AFA-738F-442D-9A1D-D726FDA8B297,0x64028,0x117637D8)\VenMedia(BE74FCF7-0B7C-49F3-9147-01F4042E6842,1C1049165C90464E90B64E7BD2C01B48)
2:693  0:000  - [11]: Volume: PciRoot(0x0)\Pci(0x17,0x0)\Sata(0x0,0x0,0x0)\HD(2,GPT,B51E1AFA-738F-442D-9A1D-D726FDA8B297,0x64028,0x117637D8)\VenMedia(BE74FCF7-0B7C-49F3-9147-01F4042E6842,C4568458C65DD4398718650693C26A9E)
2:693  0:000  - [12]: Volume: PciRoot(0x0)\Pci(0x17,0x0)\Sata(0x0,0x0,0x0)\HD(2,GPT,B51E1AFA-738F-442D-9A1D-D726FDA8B297,0x64028,0x117637D8)\VenMedia(BE74FCF7-0B7C-49F3-9147-01F4042E6842,37E94E07B0F9904588835C0454EC3CEE)
2:693  0:000  - [13]: Volume: PciRoot(0x0)\Pci(0x17,0x0)\Sata(0x0,0x0,0x0)\HD(2,GPT,B51E1AFA-738F-442D-9A1D-D726FDA8B297,0x64028,0x117637D8)\VenMedia(BE74FCF7-0B7C-49F3-9147-01F4042E6842,CAE7CBC443FF9C4DA6551D87E309B4FC)
2:693  0:000  - [14]: Volume: PciRoot(0x0)\Pci(0x17,0x0)\Sata(0x0,0x0,0x0)\HD(2,GPT,B51E1AFA-738F-442D-9A1D-D726FDA8B297,0x64028,0x117637D8)\VenMedia(BE74FCF7-0B7C-49F3-9147-01F4042E6842,C5A7CC23FA71F04E8F4D8B1CCADC50BD)
2:693  0:000  No AudioIoProtocols, status=Not Found
2:693  0:000  === [ InitXTheme ] ==============================
2:693  0:000  use Daylight theme
2:693  0:000  special theme christmas not found, skipping
2:693  0:000  no default theme, get random theme Olarila
2:718  0:024  Using theme 'Olarila' (EFI\CLOVER\themes\Olarila)
2:718  0:000  OS main and drive as badge
2:814  0:095  sound play end with status=Device Error
2:816  0:002  theme inited
2:816  0:000  Chosen theme 
2:816  0:000  after NVRAM boot-args=
2:816  0:000  === [ Dump SMC keys from NVRAM ] ================
2:816  0:000  no AppleSMC protocol
2:830  0:013  === [ ScanLoader ] ==============================
2:830  0:000  - [02]: 'EFI'
2:874  0:044          AddLoaderEntry for Volume Name=EFI
2:874  0:000          skipped because entry is hidden
2:874  0:000  - [10]: 'Preboot'
2:887  0:013          AddLoaderEntry for Volume Name=Preboot
2:918  0:030      Check if volume Is Hibernated:
2:918  0:000      Check sleep image 'by signature':
2:918  0:000      using default sleep image name = \private\var\vm\sleepimage
2:918  0:000      sleepimage not found -> Not Found
2:918  0:000      hibernated: no - sign
2:918  0:000  IconName=cata,mac comma=4 size=8
2:918  0:000    first=os_cata
2:918  0:000      Loader entry created for 'PciRoot(0x0)\Pci(0x17,0x0)\Sata(0x0,0x0,0x0)\HD(2,GPT,B51E1AFA-738F-442D-9A1D-D726FDA8B297,0x64028,0x117637D8)\VenMedia(BE74FCF7-0B7C-49F3-9147-01F4042E6842,1C1049165C90464E90B64E7BD2C01B48)\23CCA7C5-71FA-4EF0-8F4D-8B1CCADC50BD\System\Library\CoreServices\boot.efi'
2:918  0:000  - [11]: 'Mac - Data'
2:967  0:048  - [12]: 'Recovery'
2:976  0:009          AddLoaderEntry for Volume Name=Recovery
2:993  0:016  IconName=cata,mac comma=4 size=8
2:993  0:000    first=os_cata
2:993  0:000      Loader entry created for 'PciRoot(0x0)\Pci(0x17,0x0)\Sata(0x0,0x0,0x0)\HD(2,GPT,B51E1AFA-738F-442D-9A1D-D726FDA8B297,0x64028,0x117637D8)\VenMedia(BE74FCF7-0B7C-49F3-9147-01F4042E6842,37E94E07B0F9904588835C0454EC3CEE)\23CCA7C5-71FA-4EF0-8F4D-8B1CCADC50BD\boot.efi'
2:993  0:000  - [13]: 'VM'
2:993  0:000  - [14]: 'Mac'
3:192  0:199          AddLoaderEntry for Volume Name=Mac
3:265  0:072      Check if volume Is Hibernated:
3:265  0:000      Check sleep image 'by signature':
3:283  0:018      using default sleep image name = \private\var\vm\sleepimage
3:283  0:000      sleepimage not found -> Not Found
3:283  0:000      hibernated: no - sign
3:283  0:000  IconName=cata,mac comma=4 size=8
3:283  0:000    first=os_cata
3:283  0:000      Loader entry created for 'PciRoot(0x0)\Pci(0x17,0x0)\Sata(0x0,0x0,0x0)\HD(2,GPT,B51E1AFA-738F-442D-9A1D-D726FDA8B297,0x64028,0x117637D8)\VenMedia(BE74FCF7-0B7C-49F3-9147-01F4042E6842,C5A7CC23FA71F04E8F4D8B1CCADC50BD)\System\Library\CoreServices\boot.efi'
3:284  0:000  Scanning legacy ...
3:284  0:000  IconName=vista,win comma=5 size=9
3:284  0:000    first=os_vista
3:284  0:000  IconName=vista,win comma=5 size=9
3:284  0:000    first=os_vista
3:284  0:000  IconName=vista,win comma=5 size=9
3:284  0:000    first=os_vista
3:284  0:000  IconName=vista,win comma=5 size=9
3:284  0:000    first=os_vista
3:284  0:000  IconName=vista,win comma=5 size=9
3:284  0:000    first=os_vista
3:284  0:000  === [ AddCustomTool ] ===========================
3:294  0:009  === [ GetEfiBootDeviceFromNvram ] ===============
3:294  0:000   - efi-boot-device-data: PciRoot(0x0)\Pci(0x17,0x0)\Sata(0x0,0x0,0x0)\HD(2,GPT,B51E1AFA-738F-442D-9A1D-D726FDA8B297,0x64028,0x117637D8)\VenMedia(BE74FCF7-0B7C-49F3-9147-01F4042E6842,C5A7CC23FA71F04E8F4D8B1CCADC50BD)
3:294  0:000    - Volume: 'PciRoot(0x0)\Pci(0x17,0x0)\Sata(0x0,0x0,0x0)\HD(2,GPT,B51E1AFA-738F-442D-9A1D-D726FDA8B297,0x64028,0x117637D8)\VenMedia(BE74FCF7-0B7C-49F3-9147-01F4042E6842,C5A7CC23FA71F04E8F4D8B1CCADC50BD)'
3:294  0:000    - LoaderPath: ''
3:294  0:000    - Guid = B51E1AFA-738F-442D-9A1D-D726FDA8B297
3:294  0:000  === [ FindStartupDiskVolume ] ===================
3:294  0:000    - Volume: partition = PciRoot(0x0)\Pci(0x17,0x0)\Sata(0x0,0x0,0x0)\HD(2,GPT,B51E1AFA-738F-442D-9A1D-D726FDA8B297,0x64028,0x117637D8)\VenMedia(BE74FCF7-0B7C-49F3-9147-01F4042E6842,C5A7CC23FA71F04E8F4D8B1CCADC50BD)
3:294  0:000     - searching for that partition
3:294  0:000      - found entry 2. 'Boot macOS from Mac', Volume 'Mac'
3:294  0:000  Boot redirected to Entry 2. 'Boot macOS from Mac'
3:294  0:000  BannerPlace at Clear Screen [759,288]
3:412  0:117  AnimeRun=0
3:459  0:046  GUI ready
